<?xml version="1.0" encoding="UTF-8"?>
<testng-results skipped="0" failed="0" ignored="0" total="1" passed="1">
  <reporter-output>
  </reporter-output>
  <suite name="Default suite" duration-ms="31" started-at="2018-08-06T16:18:43Z" finished-at="2018-08-06T16:18:43Z">
    <groups>
    </groups>
    <test name="Default test" duration-ms="31" started-at="2018-08-06T16:18:43Z" finished-at="2018-08-06T16:18:43Z">
      <class name="firstTest">
        <test-method status="PASS" signature="f()[pri:0, instance:firstTest@1753acfe]" name="f" duration-ms="9" started-at="2018-08-06T16:18:43Z" finished-at="2018-08-06T16:18:43Z">
          <reporter-output>
          </reporter-output>
        </test-method> <!-- f -->
      </class> <!-- firstTest -->
    </test> <!-- Default test -->
  </suite> <!-- Default suite -->
</testng-results>
